<?xml version="1.0" encoding="UTF-8"?>
<!-- Generated by org.testng.reporters.JUnitReportReporter -->
<testsuite hostname="DESKTOP-C2I0Q31" failures="0" tests="3" name="com.pa.qa.testcases.HomePageTest" time="83.599" errors="0" timestamp="12 Dec 2019 11:07:47 GMT" skipped="2">
  <testcase classname="com.pa.qa.testcases.HomePageTest" name="HomePageNewArrivalsNavigateTest" time="83.599"/>
  <testcase classname="com.pa.qa.testcases.HomePageTest" name="HomePageArrivalsTest">
    <skipped/>
  </testcase> <!-- HomePageArrivalsTest -->
  <testcase classname="com.pa.qa.testcases.HomePageTest" name="HomePageSlidesTest">
    <skipped/>
  </testcase> <!-- HomePageSlidesTest -->
</testsuite> <!-- com.pa.qa.testcases.HomePageTest -->
