<?xml version="1.0" encoding="UTF-8"?>
<!-- Generated by org.testng.reporters.JUnitReportReporter -->
<testsuite hostname="DESKTOP-C2I0Q31" failures="0" tests="1" name="com.pa.qa.testcases.DataBaseTest" time="47.203" errors="0" timestamp="09 Dec 2019 13:31:34 GMT" skipped="0">
  <testcase classname="com.pa.qa.testcases.DataBaseTest" name="HomePage" time="47.203"/>
</testsuite> <!-- com.pa.qa.testcases.DataBaseTest -->
