<?xml version="1.0" encoding="UTF-8"?>
<!-- Generated by org.testng.reporters.JUnitReportReporter -->
<testsuite hostname="DESKTOP-C2I0Q31" failures="0" tests="2" name="com.pa.qa.testcases.LogInToAppTest" time="154.246" errors="0" timestamp="09 Dec 2019 13:47:34 GMT" skipped="0">
  <testcase classname="com.pa.qa.testcases.LogInToAppTest" name="LogInToApp" time="52.296"/>
  <testcase classname="com.pa.qa.testcases.LogInToAppTest" name="LogInToApp" time="101.950"/>
</testsuite> <!-- com.pa.qa.testcases.LogInToAppTest -->
